{"C:\\Users\\ayish\\OneDrive\\Documents\\steyp\\React\\custom-package-manager\\hex-oct-to-binary\\package\\index.js": {"path":"C:\\Users\\ayish\\OneDrive\\Documents\\steyp\\React\\custom-package-manager\\hex-oct-to-binary\\package\\index.js","statementMap":{"0":{"start":{"line":9,"column":20},"end":{"line":11,"column":3}},"1":{"start":{"line":10,"column":4},"end":{"line":10,"column":41}},"2":{"start":{"line":13,"column":22},"end":{"line":15,"column":3}},"3":{"start":{"line":14,"column":4},"end":{"line":14,"column":40}},"4":{"start":{"line":17,"column":2},"end":{"line":17,"column":48}}},"fnMap":{"0":{"name":"(anonymous_0)","decl":{"start":{"line":9,"column":20},"end":{"line":9,"column":21}},"loc":{"start":{"line":9,"column":27},"end":{"line":11,"column":3}},"line":9},"1":{"name":"(anonymous_1)","decl":{"start":{"line":13,"column":22},"end":{"line":13,"column":23}},"loc":{"start":{"line":13,"column":29},"end":{"line":15,"column":3}},"line":13}},"branchMap":{},"s":{"0":1,"1":2,"2":1,"3":2,"4":1},"f":{"0":2,"1":2},"b":{},"_coverageSchema":"1a1c01bbd47fc00a2c39e90264f33305004495a9","hash":"f99206d308513c7cb10e1c37d62af06041edab4f"}
}
